<?xml version="1.0" encoding="UTF-8"?>
<!-- Generated by org.testng.reporters.JUnitReportReporter -->
<testsuite hostname="Muthukumar" failures="0" tests="5" name="com.listener.Exec" time="0.056" errors="0" timestamp="2023-04-22T10:05:22 IST" skipped="0">
  <testcase classname="com.listener.Exec" name="method5" time="0.012"/>
  <system-out/>
  <testcase classname="com.listener.Exec" name="method4" time="0.013"/>
  <system-out/>
  <testcase classname="com.listener.Exec" name="method1" time="0.027"/>
  <system-out/>
  <testcase classname="com.listener.Exec" name="method2" time="0.002"/>
  <system-out/>
  <testcase classname="com.listener.Exec" name="method3" time="0.002"/>
  <system-out/>
</testsuite> <!-- com.listener.Exec -->
